{"level":"info","message":"Logged in as automatedGifBot#0739!","timestamp":"2025-02-21 14:36:33"}
{"level":"info","message":"Message received: !error","timestamp":"2025-02-21 14:36:41","user":"allencar029_60045"}
{"error":{},"level":"error","message":"Error processing message","timestamp":"2025-02-21 14:36:41"}
{"level":"info","message":"Logged in as automatedGifBot#0739!","timestamp":"2025-02-21 14:36:54"}
{"level":"info","message":"Message received: !error","timestamp":"2025-02-21 14:37:00","user":"allencar029_60045"}
{"error":"This is a test error!","level":"error","message":"Error processing message","timestamp":"2025-02-21 14:37:00"}
{"level":"info","message":"Logged in as automatedGifBot#0739!","timestamp":"2025-02-21 14:38:58"}
{"level":"info","message":"Logged in as automatedGifBot#0739!","timestamp":"2025-02-21 14:45:31"}
{"level":"info","message":"Logged in as automatedGifBot#0739!","timestamp":"2025-02-21 14:45:38"}
{"level":"info","message":"Logged in as automatedGifBot#0739!","timestamp":"2025-02-21 14:53:21"}
{"level":"info","message":"Logged in as automatedGifBot#0739!","timestamp":"2025-02-21 14:55:22"}
{"level":"info","message":"Message received: ping","timestamp":"2025-02-21 14:55:33","user":"allencar029_60045"}
{"level":"info","message":"replying with Pong!","timestamp":"2025-02-21 14:55:33"}
{"level":"info","message":"Message received: Pong!","timestamp":"2025-02-21 14:55:33","user":"automatedGifBot#0739"}
{"level":"info","message":"Message received: !error","timestamp":"2025-02-21 15:04:32","user":"allencar029_60045"}
{"error":"This is a test error!","level":"error","message":"Error processing message","timestamp":"2025-02-21 15:04:32"}
{"level":"info","message":"Logged in as automatedGifBot#0739!","timestamp":"2025-02-21 15:06:17"}
{"level":"info","message":"Message received: !error","timestamp":"2025-02-21 15:06:20","user":"allencar029_60045"}
{"error":"This is a test error!","level":"error","message":"Error processing message","timestamp":"2025-02-21 15:06:20"}
{"level":"info","message":"Logged in as automatedGifBot#0739!","timestamp":"2025-02-21 15:06:43"}
{"level":"info","message":"Message received: !error","timestamp":"2025-02-21 15:06:47","user":"allencar029_60045"}
{"error":"This is a test error!","level":"error","message":"Error processing message","timestamp":"2025-02-21 15:06:47"}
{"level":"info","message":"Logged in as automatedGifBot#0739!","timestamp":"2025-02-21 15:08:43"}
{"level":"info","message":"Logged in as automatedGifBot#0739!","timestamp":"2025-02-21 15:11:48"}
{"level":"info","message":"Logged in as automatedGifBot#0739!","timestamp":"2025-02-21 15:11:57"}
{"level":"info","message":"Logged in as automatedGifBot#0739!","timestamp":"2025-02-21 15:14:50"}
{"level":"info","message":"Logged in as automatedGifBot#0739!","timestamp":"2025-02-21 15:17:25"}
{"level":"info","message":"Logged in as automatedGifBot#0739!","timestamp":"2025-02-21 15:18:01"}
{"level":"info","message":"Message received: !error","timestamp":"2025-02-21 15:18:16","user":"allencar029_60045"}
{"error":"This is a test error!","level":"error","message":"Error processing message","timestamp":"2025-02-21 15:18:16"}
{"level":"info","message":"Logged in as automatedGifBot#0739!","timestamp":"2025-02-21 15:21:02"}
{"error":"Simulated error for testing.","level":"error","message":"Discord client error","timestamp":"2025-02-21 15:21:02"}
{"level":"info","message":"Logged in as automatedGifBot#0739!","timestamp":"2025-02-21 15:21:13"}
{"error":"Simulated error for testing.","level":"error","message":"Discord client error","timestamp":"2025-02-21 15:21:13"}
{"error":"An invalid token was provided.","level":"error","message":"Failed to login to discord","timestamp":"2025-02-21 15:23:40"}
{"level":"info","message":"Logged in as automatedGifBot#0739!","timestamp":"2025-02-21 15:24:16"}
{"error":"Simulated error for testing.","level":"error","message":"Discord client error","timestamp":"2025-02-21 15:24:16"}
{"level":"info","message":"Logged in as automatedGifBot#0739!","timestamp":"2025-02-21 15:28:38"}
{"level":"info","message":"this is a logger message","timestamp":"2025-02-21 15:28:38"}
{"error":"Simulated error for testing.","level":"error","message":"Discord client error","timestamp":"2025-02-21 15:28:38"}
{"level":"info","message":"Logged in as automatedGifBot#0739!","timestamp":"2025-02-21 15:33:56"}
{"error":"Simulated error for testing.","level":"error","message":"Discord client error","timestamp":"2025-02-21 15:33:56"}
{"level":"info","message":"Logged in as automatedGifBot#0739!","timestamp":"2025-02-21 15:58:19"}
{"error":"Simulated error for testing.","level":"error","message":"Discord client error","timestamp":"2025-02-21 15:58:19"}
{"level":"info","message":"Message received: !error","timestamp":"2025-02-21 15:58:25","user":"allencar029_60045"}
{"error":"triggerErrors is not a function","level":"error","message":"Error processing message","timestamp":"2025-02-21 15:58:25"}
{"level":"info","message":"Logged in as automatedGifBot#0739!","timestamp":"2025-02-21 16:00:12"}
{"error":"Simulated error for testing.","level":"error","message":"Discord client error","timestamp":"2025-02-21 16:00:12"}
{"level":"info","message":"Message received: !error","timestamp":"2025-02-21 16:00:27","user":"allencar029_60045"}
{"level":"info","message":"Logged in as automatedGifBot#0739!","timestamp":"2025-02-21 16:01:08"}
{"error":"Simulated error for testing.","level":"error","message":"Discord client error","timestamp":"2025-02-21 16:01:08"}
{"level":"info","message":"Message received: !error","timestamp":"2025-02-21 16:01:18","user":"allencar029_60045"}
{"level":"info","message":"Logged in as automatedGifBot#0739!","timestamp":"2025-02-21 16:03:10"}
{"error":"Simulated error for testing.","level":"error","message":"Discord client error","timestamp":"2025-02-21 16:03:10"}
{"level":"info","message":"Logged in as automatedGifBot#0739!","timestamp":"2025-02-21 16:08:33"}
{"error":"Simulated error for testing.","level":"error","message":"Discord client error","timestamp":"2025-02-21 16:08:33"}
{"level":"info","message":"Logged in as automatedGifBot#0739!","timestamp":"2025-02-21 16:08:39"}
{"error":"Simulated error for testing.","level":"error","message":"Discord client error","timestamp":"2025-02-21 16:08:39"}
{"level":"info","message":"Message received: !gif funny","timestamp":"2025-02-21 16:08:59","user":"allencar029_60045"}
{"error":"Failed to fetch from Giphy API","level":"error","message":"Test error making api call to giphy","timestamp":"2025-02-21 16:08:59"}
{"level":"info","message":"Logged in as automatedGifBot#0739!","timestamp":"2025-02-21 16:09:11"}
{"error":"Simulated error for testing.","level":"error","message":"Discord client error","timestamp":"2025-02-21 16:09:11"}
{"level":"info","message":"Message received: !gif lego guy","timestamp":"2025-02-21 16:09:17","user":"allencar029_60045"}
{"level":"info","message":"Message received: https://giphy.com/gifs/fortnite-sandbox-game-lego-fortnite-nk6JelYxNUPeiKbEPj","timestamp":"2025-02-21 16:09:18","user":"automatedGifBot#0739"}
{"level":"info","message":"Message received: !gif lego kill","timestamp":"2025-02-21 16:09:29","user":"allencar029_60045"}
{"level":"info","message":"Message received: https://giphy.com/gifs/lego-date-clothes-changing-pOmzdkTrYHQzFMEumJ","timestamp":"2025-02-21 16:09:30","user":"automatedGifBot#0739"}
{"level":"info","message":"Message received: !gif lego kill","timestamp":"2025-02-21 16:09:41","user":"allencar029_60045"}
{"level":"info","message":"Message received: https://giphy.com/gifs/lego-the-lego-movie-minifigure-2-3s3psXVbtyDtp3sF9c","timestamp":"2025-02-21 16:09:42","user":"automatedGifBot#0739"}
{"level":"info","message":"Logged in as automatedGifBot#0739!","timestamp":"2025-02-21 16:11:31"}
{"error":"Simulated error for testing.","level":"error","message":"Discord client error","timestamp":"2025-02-21 16:11:31"}
{"level":"info","message":"Message received: !gif hello","timestamp":"2025-02-21 16:11:39","user":"allencar029_60045"}
{"error":"Invalid URL","level":"error","message":"Test error making api call to giphy","timestamp":"2025-02-21 16:11:39"}
{"level":"info","message":"Logged in as automatedGifBot#0739!","timestamp":"2025-02-21 16:11:57"}
{"error":"Simulated error for testing.","level":"error","message":"Discord client error","timestamp":"2025-02-21 16:11:57"}
{"level":"info","message":"Logged in as automatedGifBot#0739!","timestamp":"2025-02-21 17:20:25"}
{"error":"Simulated error for testing.","level":"error","message":"Discord client error","timestamp":"2025-02-21 17:20:25"}
