{"level":"info","message":"Logged in as automatedGifBot#0739!","metadata":{"timestamp":"2025-02-20 18:46:08"},"timestamp":"2025-02-21T01:46:08.360Z"}
{"level":"info","message":"Logged in as automatedGifBot#0739!","metadata":{"timestamp":"2025-02-20 18:46:14"},"timestamp":"2025-02-21T01:46:14.997Z"}
{"level":"info","message":"Message received: ping","metadata":{"timestamp":"2025-02-20 18:46:41","user":"allencar029_60045"},"timestamp":"2025-02-21T01:46:41.532Z"}
{"level":"info","message":"Message received: Pong!","metadata":{"timestamp":"2025-02-20 18:46:41","user":"automatedGifBot#0739"},"timestamp":"2025-02-21T01:46:41.841Z"}
{"level":"info","message":"Message received: !error","metadata":{"timestamp":"2025-02-20 18:46:51","user":"allencar029_60045"},"timestamp":"2025-02-21T01:46:51.836Z"}
{"level":"error","message":"Error processing message !error","metadata":{"error":"This is a test error!","timestamp":"2025-02-20 18:46:51"},"timestamp":"2025-02-21T01:46:51.839Z"}
{"level":"info","message":"Logged in as automatedGifBot#0739!","metadata":{"timestamp":"2025-02-20 18:48:34"},"timestamp":"2025-02-21T01:48:34.968Z"}
{"level":"info","message":"Message received: ping","metadata":{"timestamp":"2025-02-20 18:48:39","user":"allencar029_60045"},"timestamp":"2025-02-21T01:48:39.730Z"}
{"level":"info","message":"Message received: Pong!","metadata":{"timestamp":"2025-02-20 18:48:40","user":"automatedGifBot#0739"},"timestamp":"2025-02-21T01:48:40.042Z"}
{"level":"info","message":"Message received: !error","metadata":{"timestamp":"2025-02-20 18:48:44","user":"allencar029_60045"},"timestamp":"2025-02-21T01:48:44.908Z"}
{"level":"error","message":"Error processing message !error","metadata":{"error":{},"timestamp":"2025-02-20 18:48:44"},"timestamp":"2025-02-21T01:48:44.909Z"}
{"level":"info","message":"Logged in as automatedGifBot#0739!","metadata":{"timestamp":"2025-02-20 18:52:10"},"timestamp":"2025-02-21T01:52:10.445Z"}
{"level":"info","message":"Message received: !error","metadata":{"timestamp":"2025-02-20 18:52:20","user":"allencar029_60045"},"timestamp":"2025-02-21T01:52:20.520Z"}
{"level":"error","message":"Error processing message","metadata":{"error":"This is a test error!","timestamp":"2025-02-20 18:52:20"},"timestamp":"2025-02-21T01:52:20.521Z"}
{"level":"info","message":"Logged in as automatedGifBot#0739!","metadata":{"timestamp":"2025-02-20 18:57:58"},"timestamp":"2025-02-21T01:57:58.474Z"}
{"level":"info","message":"Message received: ping","metadata":{"timestamp":"2025-02-20 18:58:04","user":"allencar029_60045"},"timestamp":"2025-02-21T01:58:04.434Z"}
{"level":"info","message":"Message received: Pong!","metadata":{"timestamp":"2025-02-20 18:58:04","user":"automatedGifBot#0739"},"timestamp":"2025-02-21T01:58:04.680Z"}
{"level":"info","message":"Message received: !error","metadata":{"timestamp":"2025-02-20 18:58:10","user":"allencar029_60045"},"timestamp":"2025-02-21T01:58:10.259Z"}
{"level":"error","message":"Error processing message","metadata":{"error":"This is a test error!","timestamp":"2025-02-20 18:58:10"},"timestamp":"2025-02-21T01:58:10.260Z"}
{"level":"info","message":"Logged in as automatedGifBot#0739!","metadata":{"timestamp":"2025-02-20 18:58:23"},"timestamp":"2025-02-21T01:58:23.538Z"}
{"level":"info","message":"Message received: ping","metadata":{"timestamp":"2025-02-20 18:58:26","user":"allencar029_60045"},"timestamp":"2025-02-21T01:58:26.915Z"}
{"level":"info","message":"Message received: Pong!","metadata":{"timestamp":"2025-02-20 18:58:27","user":"automatedGifBot#0739"},"timestamp":"2025-02-21T01:58:27.062Z"}
{"level":"info","message":"Message received: !error","metadata":{"timestamp":"2025-02-20 18:58:31","user":"allencar029_60045"},"timestamp":"2025-02-21T01:58:31.474Z"}
{"level":"error","message":"Error processing message","metadata":{"error":{},"timestamp":"2025-02-20 18:58:31"},"timestamp":"2025-02-21T01:58:31.475Z"}
{"level":"info","message":"Logged in as automatedGifBot#0739!","timestamp":"2025-02-20 20:06:30"}
{"level":"info","message":"Logged in as automatedGifBot#0739!","timestamp":"2025-02-20 20:11:12"}
{"level":"info","message":"Message received: ping","timestamp":"2025-02-20 20:13:22","user":"allencar029_60045"}
{"level":"info","message":"Message received: Pong!","timestamp":"2025-02-20 20:13:22","user":"automatedGifBot#0739"}
{"level":"info","message":"Message received: !error","timestamp":"2025-02-20 20:13:27","user":"allencar029_60045"}
{"error":{},"level":"error","message":"Error processing message","timestamp":"2025-02-20 20:13:27"}
{"level":"info","message":"Logged in as automatedGifBot#0739!","timestamp":"2025-02-20 20:14:31"}
{"level":"info","message":"Logged in as automatedGifBot#0739!","timestamp":"2025-02-20 20:16:24"}
{"level":"info","message":"Message received: ping","timestamp":"2025-02-20 20:16:30","user":"allencar029_60045"}
{"level":"info","message":"Message received: Pong!","timestamp":"2025-02-20 20:16:31","user":"automatedGifBot#0739"}
{"level":"info","message":"Message received: !error","timestamp":"2025-02-20 20:16:40","user":"allencar029_60045"}
{"error":{},"level":"error","message":"Error processing message","stack":"Error: This is a test error!\n    at Client.<anonymous> (file:///Users/carsonallen/Documents/discordAutomatedGifBot/index.js:23:19)\n    at Client.emit (node:events:519:28)\n    at MessageCreateAction.handle (/Users/carsonallen/Documents/discordAutomatedGifBot/node_modules/discord.js/src/client/actions/MessageCreate.js:32:14)\n    at module.exports [as MESSAGE_CREATE] (/Users/carsonallen/Documents/discordAutomatedGifBot/node_modules/discord.js/src/client/websocket/handlers/MESSAGE_CREATE.js:4:32)\n    at WebSocketManager.handlePacket (/Users/carsonallen/Documents/discordAutomatedGifBot/node_modules/discord.js/src/client/websocket/WebSocketManager.js:348:31)\n    at WebSocketManager.<anonymous> (/Users/carsonallen/Documents/discordAutomatedGifBot/node_modules/discord.js/src/client/websocket/WebSocketManager.js:232:12)\n    at WebSocketManager.emit (/Users/carsonallen/Documents/discordAutomatedGifBot/node_modules/@vladfrangu/async_event_emitter/dist/index.cjs:287:31)\n    at WebSocketShard.<anonymous> (/Users/carsonallen/Documents/discordAutomatedGifBot/node_modules/@discordjs/ws/dist/index.js:1190:51)\n    at WebSocketShard.emit (/Users/carsonallen/Documents/discordAutomatedGifBot/node_modules/@vladfrangu/async_event_emitter/dist/index.cjs:287:31)\n    at WebSocketShard.onMessage (/Users/carsonallen/Documents/discordAutomatedGifBot/node_modules/@discordjs/ws/dist/index.js:1007:14)","timestamp":"2025-02-20 20:16:40"}
{"level":"info","message":"Logged in as automatedGifBot#0739!","timestamp":"2025-02-20 20:24:15"}
{"level":"info","message":"Logged in as automatedGifBot#0739!","timestamp":"2025-02-20 20:24:41"}
{"level":"info","message":"Logged in as automatedGifBot#0739!","timestamp":"2025-02-20 20:24:42"}
{"level":"info","message":"Message received: ping","timestamp":"2025-02-20 20:24:54","user":"allencar029_60045"}
{"level":"info","message":"Message received: Pong!","timestamp":"2025-02-20 20:24:55","user":"automatedGifBot#0739"}
{"level":"info","message":"Message received: !error","timestamp":"2025-02-20 20:25:00","user":"allencar029_60045"}
{"error":{},"level":"error","message":"Error processing message","stack":"Error: This is a test error!\n    at Client.<anonymous> (file:///Users/carsonallen/Documents/discordAutomatedGifBot/index.js:23:19)\n    at Client.emit (node:events:519:28)\n    at MessageCreateAction.handle (/Users/carsonallen/Documents/discordAutomatedGifBot/node_modules/discord.js/src/client/actions/MessageCreate.js:32:14)\n    at module.exports [as MESSAGE_CREATE] (/Users/carsonallen/Documents/discordAutomatedGifBot/node_modules/discord.js/src/client/websocket/handlers/MESSAGE_CREATE.js:4:32)\n    at WebSocketManager.handlePacket (/Users/carsonallen/Documents/discordAutomatedGifBot/node_modules/discord.js/src/client/websocket/WebSocketManager.js:348:31)\n    at WebSocketManager.<anonymous> (/Users/carsonallen/Documents/discordAutomatedGifBot/node_modules/discord.js/src/client/websocket/WebSocketManager.js:232:12)\n    at WebSocketManager.emit (/Users/carsonallen/Documents/discordAutomatedGifBot/node_modules/@vladfrangu/async_event_emitter/dist/index.cjs:287:31)\n    at WebSocketShard.<anonymous> (/Users/carsonallen/Documents/discordAutomatedGifBot/node_modules/@discordjs/ws/dist/index.js:1190:51)\n    at WebSocketShard.emit (/Users/carsonallen/Documents/discordAutomatedGifBot/node_modules/@vladfrangu/async_event_emitter/dist/index.cjs:287:31)\n    at WebSocketShard.onMessage (/Users/carsonallen/Documents/discordAutomatedGifBot/node_modules/@discordjs/ws/dist/index.js:1007:14)","timestamp":"2025-02-20 20:25:00"}
{"level":"info","message":"Logged in as automatedGifBot#0739!","timestamp":"2025-02-20 20:26:02"}
{"level":"info","message":"Logged in as automatedGifBot#0739!","timestamp":"2025-02-20 20:26:13"}
{"level":"info","message":"Message received: ping","timestamp":"2025-02-20 20:26:18","user":"allencar029_60045"}
{"level":"info","message":"Message received: Pong!","timestamp":"2025-02-20 20:26:19","user":"automatedGifBot#0739"}
{"level":"info","message":"Message received: !error","timestamp":"2025-02-20 20:26:27","user":"allencar029_60045"}
{"error":{},"level":"error","message":"Error processing message","stack":"Error: This is a test error!\n    at Client.<anonymous> (file:///Users/carsonallen/Documents/discordAutomatedGifBot/index.js:23:19)\n    at Client.emit (node:events:519:28)\n    at MessageCreateAction.handle (/Users/carsonallen/Documents/discordAutomatedGifBot/node_modules/discord.js/src/client/actions/MessageCreate.js:32:14)\n    at module.exports [as MESSAGE_CREATE] (/Users/carsonallen/Documents/discordAutomatedGifBot/node_modules/discord.js/src/client/websocket/handlers/MESSAGE_CREATE.js:4:32)\n    at WebSocketManager.handlePacket (/Users/carsonallen/Documents/discordAutomatedGifBot/node_modules/discord.js/src/client/websocket/WebSocketManager.js:348:31)\n    at WebSocketManager.<anonymous> (/Users/carsonallen/Documents/discordAutomatedGifBot/node_modules/discord.js/src/client/websocket/WebSocketManager.js:232:12)\n    at WebSocketManager.emit (/Users/carsonallen/Documents/discordAutomatedGifBot/node_modules/@vladfrangu/async_event_emitter/dist/index.cjs:287:31)\n    at WebSocketShard.<anonymous> (/Users/carsonallen/Documents/discordAutomatedGifBot/node_modules/@discordjs/ws/dist/index.js:1190:51)\n    at WebSocketShard.emit (/Users/carsonallen/Documents/discordAutomatedGifBot/node_modules/@vladfrangu/async_event_emitter/dist/index.cjs:287:31)\n    at WebSocketShard.onMessage (/Users/carsonallen/Documents/discordAutomatedGifBot/node_modules/@discordjs/ws/dist/index.js:1007:14)","timestamp":"2025-02-20 20:26:27"}
{"level":"info","message":"Logged in as automatedGifBot#0739!","timestamp":"2025-02-20 20:26:53"}
{"level":"info","message":"Message received: !error","timestamp":"2025-02-20 20:26:59","user":"allencar029_60045"}
{"level":"error","message":"Error processing message Error: This is a test error!","stack":"Error: This is a test error!\n    at Client.<anonymous> (file:///Users/carsonallen/Documents/discordAutomatedGifBot/index.js:23:19)\n    at Client.emit (node:events:519:28)\n    at MessageCreateAction.handle (/Users/carsonallen/Documents/discordAutomatedGifBot/node_modules/discord.js/src/client/actions/MessageCreate.js:32:14)\n    at module.exports [as MESSAGE_CREATE] (/Users/carsonallen/Documents/discordAutomatedGifBot/node_modules/discord.js/src/client/websocket/handlers/MESSAGE_CREATE.js:4:32)\n    at WebSocketManager.handlePacket (/Users/carsonallen/Documents/discordAutomatedGifBot/node_modules/discord.js/src/client/websocket/WebSocketManager.js:348:31)\n    at WebSocketManager.<anonymous> (/Users/carsonallen/Documents/discordAutomatedGifBot/node_modules/discord.js/src/client/websocket/WebSocketManager.js:232:12)\n    at WebSocketManager.emit (/Users/carsonallen/Documents/discordAutomatedGifBot/node_modules/@vladfrangu/async_event_emitter/dist/index.cjs:287:31)\n    at WebSocketShard.<anonymous> (/Users/carsonallen/Documents/discordAutomatedGifBot/node_modules/@discordjs/ws/dist/index.js:1190:51)\n    at WebSocketShard.emit (/Users/carsonallen/Documents/discordAutomatedGifBot/node_modules/@vladfrangu/async_event_emitter/dist/index.cjs:287:31)\n    at WebSocketShard.onMessage (/Users/carsonallen/Documents/discordAutomatedGifBot/node_modules/@discordjs/ws/dist/index.js:1007:14)","timestamp":"2025-02-20 20:26:59"}
{"level":"info","message":"Message received: ping","timestamp":"2025-02-20 20:27:05","user":"allencar029_60045"}
{"level":"info","message":"Message received: Pong!","timestamp":"2025-02-20 20:27:05","user":"automatedGifBot#0739"}
{"level":"info","message":"Message received: !error","timestamp":"2025-02-20 20:27:13","user":"allencar029_60045"}
{"level":"error","message":"Error processing message Error: This is a test error!","stack":"Error: This is a test error!\n    at Client.<anonymous> (file:///Users/carsonallen/Documents/discordAutomatedGifBot/index.js:23:19)\n    at Client.emit (node:events:519:28)\n    at MessageCreateAction.handle (/Users/carsonallen/Documents/discordAutomatedGifBot/node_modules/discord.js/src/client/actions/MessageCreate.js:32:14)\n    at module.exports [as MESSAGE_CREATE] (/Users/carsonallen/Documents/discordAutomatedGifBot/node_modules/discord.js/src/client/websocket/handlers/MESSAGE_CREATE.js:4:32)\n    at WebSocketManager.handlePacket (/Users/carsonallen/Documents/discordAutomatedGifBot/node_modules/discord.js/src/client/websocket/WebSocketManager.js:348:31)\n    at WebSocketManager.<anonymous> (/Users/carsonallen/Documents/discordAutomatedGifBot/node_modules/discord.js/src/client/websocket/WebSocketManager.js:232:12)\n    at WebSocketManager.emit (/Users/carsonallen/Documents/discordAutomatedGifBot/node_modules/@vladfrangu/async_event_emitter/dist/index.cjs:287:31)\n    at WebSocketShard.<anonymous> (/Users/carsonallen/Documents/discordAutomatedGifBot/node_modules/@discordjs/ws/dist/index.js:1190:51)\n    at WebSocketShard.emit (/Users/carsonallen/Documents/discordAutomatedGifBot/node_modules/@vladfrangu/async_event_emitter/dist/index.cjs:287:31)\n    at WebSocketShard.onMessage (/Users/carsonallen/Documents/discordAutomatedGifBot/node_modules/@discordjs/ws/dist/index.js:1007:14)","timestamp":"2025-02-20 20:27:13"}
{"level":"info","message":"Logged in as automatedGifBot#0739!","timestamp":"2025-02-20 20:27:44"}
{"level":"info","message":"Message received: ping","timestamp":"2025-02-20 20:27:48","user":"allencar029_60045"}
{"level":"info","message":"Message received: Pong!","timestamp":"2025-02-20 20:27:48","user":"automatedGifBot#0739"}
{"level":"info","message":"Message received: !error","timestamp":"2025-02-20 20:27:53","user":"allencar029_60045"}
{"level":"error","message":"Error processing message Error: This is a test error!","stack":"Error: This is a test error!\n    at Client.<anonymous> (file:///Users/carsonallen/Documents/discordAutomatedGifBot/index.js:23:19)\n    at Client.emit (node:events:519:28)\n    at MessageCreateAction.handle (/Users/carsonallen/Documents/discordAutomatedGifBot/node_modules/discord.js/src/client/actions/MessageCreate.js:32:14)\n    at module.exports [as MESSAGE_CREATE] (/Users/carsonallen/Documents/discordAutomatedGifBot/node_modules/discord.js/src/client/websocket/handlers/MESSAGE_CREATE.js:4:32)\n    at WebSocketManager.handlePacket (/Users/carsonallen/Documents/discordAutomatedGifBot/node_modules/discord.js/src/client/websocket/WebSocketManager.js:348:31)\n    at WebSocketManager.<anonymous> (/Users/carsonallen/Documents/discordAutomatedGifBot/node_modules/discord.js/src/client/websocket/WebSocketManager.js:232:12)\n    at WebSocketManager.emit (/Users/carsonallen/Documents/discordAutomatedGifBot/node_modules/@vladfrangu/async_event_emitter/dist/index.cjs:287:31)\n    at WebSocketShard.<anonymous> (/Users/carsonallen/Documents/discordAutomatedGifBot/node_modules/@discordjs/ws/dist/index.js:1190:51)\n    at WebSocketShard.emit (/Users/carsonallen/Documents/discordAutomatedGifBot/node_modules/@vladfrangu/async_event_emitter/dist/index.cjs:287:31)\n    at WebSocketShard.onMessage (/Users/carsonallen/Documents/discordAutomatedGifBot/node_modules/@discordjs/ws/dist/index.js:1007:14)","timestamp":"2025-02-20 20:27:53"}
{"level":"info","message":"Logged in as automatedGifBot#0739!","timestamp":"2025-02-20 20:28:49"}
{"level":"info","message":"Logged in as automatedGifBot#0739!","timestamp":"2025-02-20 20:29:07"}
{"level":"info","message":"Message received: ping","timestamp":"2025-02-20 20:29:12","user":"allencar029_60045"}
{"level":"info","message":"Message received: Pong!","timestamp":"2025-02-20 20:29:12","user":"automatedGifBot#0739"}
{"level":"info","message":"Message received: !error","timestamp":"2025-02-20 20:29:18","user":"allencar029_60045"}
{"error":{},"level":"error","message":"Error processing message","stack":"Error: This is a test error!\n    at Client.<anonymous> (file:///Users/carsonallen/Documents/discordAutomatedGifBot/index.js:23:19)\n    at Client.emit (node:events:519:28)\n    at MessageCreateAction.handle (/Users/carsonallen/Documents/discordAutomatedGifBot/node_modules/discord.js/src/client/actions/MessageCreate.js:32:14)\n    at module.exports [as MESSAGE_CREATE] (/Users/carsonallen/Documents/discordAutomatedGifBot/node_modules/discord.js/src/client/websocket/handlers/MESSAGE_CREATE.js:4:32)\n    at WebSocketManager.handlePacket (/Users/carsonallen/Documents/discordAutomatedGifBot/node_modules/discord.js/src/client/websocket/WebSocketManager.js:348:31)\n    at WebSocketManager.<anonymous> (/Users/carsonallen/Documents/discordAutomatedGifBot/node_modules/discord.js/src/client/websocket/WebSocketManager.js:232:12)\n    at WebSocketManager.emit (/Users/carsonallen/Documents/discordAutomatedGifBot/node_modules/@vladfrangu/async_event_emitter/dist/index.cjs:287:31)\n    at WebSocketShard.<anonymous> (/Users/carsonallen/Documents/discordAutomatedGifBot/node_modules/@discordjs/ws/dist/index.js:1190:51)\n    at WebSocketShard.emit (/Users/carsonallen/Documents/discordAutomatedGifBot/node_modules/@vladfrangu/async_event_emitter/dist/index.cjs:287:31)\n    at WebSocketShard.onMessage (/Users/carsonallen/Documents/discordAutomatedGifBot/node_modules/@discordjs/ws/dist/index.js:1007:14)","timestamp":"2025-02-20 20:29:18"}
{"level":"info","message":"Logged in as automatedGifBot#0739!","timestamp":"2025-02-20 20:29:46"}
{"level":"info","message":"Message received: !error","timestamp":"2025-02-20 20:29:53","user":"allencar029_60045"}
{"error":{},"level":"error","message":"Error processing message","stack":"Error: This is a test error!\n    at Client.<anonymous> (file:///Users/carsonallen/Documents/discordAutomatedGifBot/index.js:23:19)\n    at Client.emit (node:events:519:28)\n    at MessageCreateAction.handle (/Users/carsonallen/Documents/discordAutomatedGifBot/node_modules/discord.js/src/client/actions/MessageCreate.js:32:14)\n    at module.exports [as MESSAGE_CREATE] (/Users/carsonallen/Documents/discordAutomatedGifBot/node_modules/discord.js/src/client/websocket/handlers/MESSAGE_CREATE.js:4:32)\n    at WebSocketManager.handlePacket (/Users/carsonallen/Documents/discordAutomatedGifBot/node_modules/discord.js/src/client/websocket/WebSocketManager.js:348:31)\n    at WebSocketManager.<anonymous> (/Users/carsonallen/Documents/discordAutomatedGifBot/node_modules/discord.js/src/client/websocket/WebSocketManager.js:232:12)\n    at WebSocketManager.emit (/Users/carsonallen/Documents/discordAutomatedGifBot/node_modules/@vladfrangu/async_event_emitter/dist/index.cjs:287:31)\n    at WebSocketShard.<anonymous> (/Users/carsonallen/Documents/discordAutomatedGifBot/node_modules/@discordjs/ws/dist/index.js:1190:51)\n    at WebSocketShard.emit (/Users/carsonallen/Documents/discordAutomatedGifBot/node_modules/@vladfrangu/async_event_emitter/dist/index.cjs:287:31)\n    at WebSocketShard.onMessage (/Users/carsonallen/Documents/discordAutomatedGifBot/node_modules/@discordjs/ws/dist/index.js:1007:14)","timestamp":"2025-02-20 20:29:53"}
{"level":"info","message":"Logged in as automatedGifBot#0739!","timestamp":"2025-02-20 20:30:33"}
{"level":"info","message":"Logged in as automatedGifBot#0739!","timestamp":"2025-02-20 20:32:55"}
{"level":"info","message":"Message received: !error","timestamp":"2025-02-20 20:33:03","user":"allencar029_60045"}
{"level":"error","message":"Error processing message Error: This is a test error!\n    at Client.<anonymous> (file:///Users/carsonallen/Documents/discordAutomatedGifBot/index.js:23:19)\n    at Client.emit (node:events:519:28)\n    at MessageCreateAction.handle (/Users/carsonallen/Documents/discordAutomatedGifBot/node_modules/discord.js/src/client/actions/MessageCreate.js:32:14)\n    at module.exports [as MESSAGE_CREATE] (/Users/carsonallen/Documents/discordAutomatedGifBot/node_modules/discord.js/src/client/websocket/handlers/MESSAGE_CREATE.js:4:32)\n    at WebSocketManager.handlePacket (/Users/carsonallen/Documents/discordAutomatedGifBot/node_modules/discord.js/src/client/websocket/WebSocketManager.js:348:31)\n    at WebSocketManager.<anonymous> (/Users/carsonallen/Documents/discordAutomatedGifBot/node_modules/discord.js/src/client/websocket/WebSocketManager.js:232:12)\n    at WebSocketManager.emit (/Users/carsonallen/Documents/discordAutomatedGifBot/node_modules/@vladfrangu/async_event_emitter/dist/index.cjs:287:31)\n    at WebSocketShard.<anonymous> (/Users/carsonallen/Documents/discordAutomatedGifBot/node_modules/@discordjs/ws/dist/index.js:1190:51)\n    at WebSocketShard.emit (/Users/carsonallen/Documents/discordAutomatedGifBot/node_modules/@vladfrangu/async_event_emitter/dist/index.cjs:287:31)\n    at WebSocketShard.onMessage (/Users/carsonallen/Documents/discordAutomatedGifBot/node_modules/@discordjs/ws/dist/index.js:1007:14)","timestamp":"2025-02-20 20:33:03"}
{"level":"info","message":"Logged in as automatedGifBot#0739!","timestamp":"2025-02-20 21:48:42"}
{"level":"info","message":"Message received: !error","timestamp":"2025-02-20 21:48:56","user":"allencar029_60045"}
{"level":"error","message":"Error processing message Error: This is a test error!","timestamp":"2025-02-20 21:48:56"}
{"level":"info","message":"Logged in as automatedGifBot#0739!","timestamp":"2025-02-20 22:04:32"}
{"level":"info","message":"Logged in as automatedGifBot#0739!","timestamp":"2025-02-20 22:04:39"}
{"level":"info","message":"Logged in as automatedGifBot#0739!","timestamp":"2025-02-20 22:04:46"}
{"level":"info","message":"Logged in as automatedGifBot#0739!","timestamp":"2025-02-20 22:09:58"}
{"level":"info","message":"Message received: !error","timestamp":"2025-02-20 22:10:09","user":"allencar029_60045"}
{"error":"{}","level":"error","message":"Error processing message","stack":"Error: This is a test error!\n    at Client.<anonymous> (file:///Users/carsonallen/Documents/discordAutomatedGifBot/index.js:23:19)\n    at Client.emit (node:events:519:28)\n    at MessageCreateAction.handle (/Users/carsonallen/Documents/discordAutomatedGifBot/node_modules/discord.js/src/client/actions/MessageCreate.js:32:14)\n    at module.exports [as MESSAGE_CREATE] (/Users/carsonallen/Documents/discordAutomatedGifBot/node_modules/discord.js/src/client/websocket/handlers/MESSAGE_CREATE.js:4:32)\n    at WebSocketManager.handlePacket (/Users/carsonallen/Documents/discordAutomatedGifBot/node_modules/discord.js/src/client/websocket/WebSocketManager.js:348:31)\n    at WebSocketManager.<anonymous> (/Users/carsonallen/Documents/discordAutomatedGifBot/node_modules/discord.js/src/client/websocket/WebSocketManager.js:232:12)\n    at WebSocketManager.emit (/Users/carsonallen/Documents/discordAutomatedGifBot/node_modules/@vladfrangu/async_event_emitter/dist/index.cjs:287:31)\n    at WebSocketShard.<anonymous> (/Users/carsonallen/Documents/discordAutomatedGifBot/node_modules/@discordjs/ws/dist/index.js:1190:51)\n    at WebSocketShard.emit (/Users/carsonallen/Documents/discordAutomatedGifBot/node_modules/@vladfrangu/async_event_emitter/dist/index.cjs:287:31)\n    at WebSocketShard.onMessage (/Users/carsonallen/Documents/discordAutomatedGifBot/node_modules/@discordjs/ws/dist/index.js:1007:14)","timestamp":"2025-02-20 22:10:09"}
{"level":"info","message":"Logged in as automatedGifBot#0739!","timestamp":"2025-02-20 22:10:36"}
{"level":"info","message":"Logged in as automatedGifBot#0739!","timestamp":"2025-02-20 22:11:13"}
{"level":"info","message":"Logged in as automatedGifBot#0739!","timestamp":"2025-02-20 22:11:47"}
{"level":"info","message":"Logged in as automatedGifBot#0739!","timestamp":"2025-02-20 22:24:04"}
{"level":"info","message":"Message received: !error","timestamp":"2025-02-20 22:24:11","user":"allencar029_60045"}
{"error":{},"level":"error","message":"Error processing message Error: This is a test error!\n    at Client.<anonymous> (file:///Users/carsonallen/Documents/discordAutomatedGifBot/index.js:23:19)\n    at Client.emit (node:events:519:28)\n    at MessageCreateAction.handle (/Users/carsonallen/Documents/discordAutomatedGifBot/node_modules/discord.js/src/client/actions/MessageCreate.js:32:14)\n    at module.exports [as MESSAGE_CREATE] (/Users/carsonallen/Documents/discordAutomatedGifBot/node_modules/discord.js/src/client/websocket/handlers/MESSAGE_CREATE.js:4:32)\n    at WebSocketManager.handlePacket (/Users/carsonallen/Documents/discordAutomatedGifBot/node_modules/discord.js/src/client/websocket/WebSocketManager.js:348:31)\n    at WebSocketManager.<anonymous> (/Users/carsonallen/Documents/discordAutomatedGifBot/node_modules/discord.js/src/client/websocket/WebSocketManager.js:232:12)\n    at WebSocketManager.emit (/Users/carsonallen/Documents/discordAutomatedGifBot/node_modules/@vladfrangu/async_event_emitter/dist/index.cjs:287:31)\n    at WebSocketShard.<anonymous> (/Users/carsonallen/Documents/discordAutomatedGifBot/node_modules/@discordjs/ws/dist/index.js:1190:51)\n    at WebSocketShard.emit (/Users/carsonallen/Documents/discordAutomatedGifBot/node_modules/@vladfrangu/async_event_emitter/dist/index.cjs:287:31)\n    at WebSocketShard.onMessage (/Users/carsonallen/Documents/discordAutomatedGifBot/node_modules/@discordjs/ws/dist/index.js:1007:14)","timestamp":"2025-02-20 22:24:11"}
